2025-06-02 03:39:49 [JavaFX Application Thread] INFO : Cтарт додатку
2025-06-02 03:39:49 [JavaFX Application Thread] INFO : Перевірена/створена корінна таблиця вагонів
2025-06-02 03:39:49 [JavaFX Application Thread] INFO : Перевірена/створена таблиця локомотивів
2025-06-02 03:39:49 [JavaFX Application Thread] INFO : Перевірена/створена таблиця грузових вагонів
2025-06-02 03:39:49 [JavaFX Application Thread] INFO : Перевірена/створена таблиця пасажирських вагонів
2025-06-02 03:39:49 [JavaFX Application Thread] INFO : Перевірена/створена таблиця поїздів
2025-06-02 03:39:50 [JavaFX Application Thread] INFO : Вагони зчитано
2025-06-02 03:39:50 [JavaFX Application Thread] INFO : Вагони зчитано
2025-06-02 03:39:50 [JavaFX Application Thread] INFO : Вагони зчитано
2025-06-02 03:39:50 [JavaFX Application Thread] INFO : Відкрито меню вагонів
2025-06-02 03:39:51 [JavaFX Application Thread] INFO : Спроба додавання нового вагона
2025-06-02 03:40:56 [JavaFX Application Thread] INFO : Спроба додати локомотив
2025-06-02 03:54:21 [JavaFX Application Thread] INFO : Спроба додавання нового вагона
2025-06-02 03:54:25 [JavaFX Application Thread] INFO : Повернення до головного меню
2025-06-02 03:54:27 [JavaFX Application Thread] INFO : Відкрито меню поїздів
2025-06-02 03:58:46 [JavaFX Application Thread] INFO : Спроба додавання нового поїзда
2025-06-02 04:00:19 [JavaFX Application Thread] INFO : Відкрито редагування поїзда: В-ОД: Швидкість: 90 км./год. Вага: 1210 т. Тяга: 3250 т. Росхід: 15125 л./год
Локомотив: Слон Вага: 150 т. Швидкість: 100 км./год. Тяга: 2000 т. Розхід: 15 л./(т. * год.)
Локомотив: Гром Вага: 100 т. Швидкість: 150 км./год. Тяга: 1250 т. Розхід: 10 л./(т. * год.)
Вагон: В1-120 Вага: 120 т. Швидкість: 90 км./год. Місткість: 100 т.
Вагон: В1-120 Вага: 120 т. Швидкість: 90 км./год. Місткість: 100 т.
Вагон: В1-120 Вага: 120 т. Швидкість: 90 км./год. Місткість: 100 т.
Вагон: В1-120 Вага: 120 т. Швидкість: 90 км./год. Місткість: 100 т.
Вагон: В2-120 Вага: 120 т. Швидкість: 120 км./год. Місткість: 80 т.
Вагон: В2-120 Вага: 120 т. Швидкість: 120 км./год. Місткість: 80 т.
Вагон: В2-120 Вага: 120 т. Швидкість: 120 км./год. Місткість: 80 т.
Вагон: В2-120 Вага: 120 т. Швидкість: 120 км./год. Місткість: 80 т.
Пасажиромісткість: 0 Місць для багажу: 0 Грузомісткість: 720т.
2025-06-02 04:05:39 [JavaFX Application Thread] INFO : Повернення до меню поїздів
2025-06-02 04:05:42 [JavaFX Application Thread] INFO : Відкрито редагування поїзда: П3: Швидкість: 90 км./год. Вага: 3615 т. Тяга: 10000 т. Росхід: 54120 л./год
Локомотив: Слон Вага: 150 т. Швидкість: 100 км./год. Тяга: 2000 т. Розхід: 15 л./(т. * год.)
Локомотив: Слон Вага: 150 т. Швидкість: 100 км./год. Тяга: 2000 т. Розхід: 15 л./(т. * год.)
Локомотив: Гром Вага: 100 т. Швидкість: 150 км./год. Тяга: 1250 т. Розхід: 10 л./(т. * год.)
Локомотив: Гром Вага: 100 т. Швидкість: 150 км./год. Тяга: 1250 т. Розхід: 10 л./(т. * год.)
Локомотив: Гром Вага: 100 т. Швидкість: 150 км./год. Тяга: 1250 т. Розхід: 10 л./(т. * год.)
Локомотив: Блискавка Вага: 100 т. Швидкість: 200 км./год. Тяга: 750 т. Розхід: 20 л./(т. * год.)
Локомотив: Блискавка Вага: 100 т. Швидкість: 200 км./год. Тяга: 750 т. Розхід: 20 л./(т. * год.)
Локомотив: Блискавка Вага: 100 т. Швидкість: 200 км./год. Тяга: 750 т. Розхід: 20 л./(т. * год.)
Вагон: В1-120 Вага: 120 т. Швидкість: 90 км./год. Місткість: 100 т.
Вагон: В1-120 Вага: 120 т. Швидкість: 90 км./год. Місткість: 100 т.
Вагон: В1-120 Вага: 120 т. Швидкість: 90 км./год. Місткість: 100 т.
Вагон: В1-120 Вага: 120 т. Швидкість: 90 км./год. Місткість: 100 т.
Вагон: В1-120 Вага: 120 т. Швидкість: 90 км./год. Місткість: 100 т.
Вагон: В1-120 Вага: 120 т. Швидкість: 90 км./год. Місткість: 100 т.
Вагон: В1-120 Вага: 120 т. Швидкість: 90 км./год. Місткість: 100 т.
Вагон: В2-120 Вага: 120 т. Швидкість: 120 км./год. Місткість: 80 т.
Вагон: В2-120 Вага: 120 т. Швидкість: 120 км./год. Місткість: 80 т.
Вагон: В2-120 Вага: 120 т. Швидкість: 120 км./год. Місткість: 80 т.
Вагон: В2-120 Вага: 120 т. Швидкість: 120 км./год. Місткість: 80 т.
Вагон: В2-120 Вага: 120 т. Швидкість: 120 км./год. Місткість: 80 т.
Вагон: В2-120 Вага: 120 т. Швидкість: 120 км./год. Місткість: 80 т.
Вагон: В2-120 Вага: 120 т. Швидкість: 120 км./год. Місткість: 80 т.
Вагон: В2-120 Вага: 120 т. Швидкість: 120 км./год. Місткість: 80 т.
Вагон: П2-160 Вага: 75 т. Швидкість: 160 км./год. Рівень комфорту: 70 Пасажирських місць: 160 Місць для багажу: 120
Вагон: П2-160 Вага: 75 т. Швидкість: 160 км./год. Рівень комфорту: 70 Пасажирських місць: 160 Місць для багажу: 120
Вагон: П2-160 Вага: 75 т. Швидкість: 160 км./год. Рівень комфорту: 70 Пасажирських місць: 160 Місць для багажу: 120
Вагон: П2-120 Вага: 60 т. Швидкість: 180 км./год. Рівень комфорту: 70 Пасажирських місць: 120 Місць для багажу: 90
Вагон: П2-120 Вага: 60 т. Швидкість: 180 км./год. Рівень комфорту: 70 Пасажирських місць: 120 Місць для багажу: 90
Вагон: П2-120 Вага: 60 т. Швидкість: 180 км./год. Рівень комфорту: 70 Пасажирських місць: 120 Місць для багажу: 90
Вагон: П1-120 Вага: 60 т. Швидкість: 120 км./год. Рівень комфорту: 50 Пасажирських місць: 120 Місць для багажу: 60
Вагон: П1-120 Вага: 60 т. Швидкість: 120 км./год. Рівень комфорту: 50 Пасажирських місць: 120 Місць для багажу: 60
Вагон: П1-120 Вага: 60 т. Швидкість: 120 км./год. Рівень комфорту: 50 Пасажирських місць: 120 Місць для багажу: 60
Вагон: П1-120 Вага: 60 т. Швидкість: 120 км./год. Рівень комфорту: 50 Пасажирських місць: 120 Місць для багажу: 60
Вагон: П1-96 Вага: 45 т. Швидкість: 130 км./год. Рівень комфорту: 50 Пасажирських місць: 96 Місць для багажу: 48
Вагон: П1-96 Вага: 45 т. Швидкість: 130 км./год. Рівень комфорту: 50 Пасажирських місць: 96 Місць для багажу: 48
Вагон: П1-96 Вага: 45 т. Швидкість: 130 км./год. Рівень комфорту: 50 Пасажирських місць: 96 Місць для багажу: 48
Вагон: П1-96 Вага: 45 т. Швидкість: 130 км./год. Рівень комфорту: 50 Пасажирських місць: 96 Місць для багажу: 48
Вагон: П1-96 Вага: 45 т. Швидкість: 130 км./год. Рівень комфорту: 50 Пасажирських місць: 96 Місць для багажу: 48
Вагон: П1-96 Вага: 45 т. Швидкість: 130 км./год. Рівень комфорту: 50 Пасажирських місць: 96 Місць для багажу: 48
Пасажиромісткість: 1896 Місць для багажу: 1158 Грузомісткість: 1340т.
2025-06-02 04:09:17 [JavaFX Application Thread] INFO : Додавання нового вагона
2025-06-02 04:09:26 [JavaFX Application Thread] INFO : Повернення до редактору
2025-06-02 04:09:27 [JavaFX Application Thread] INFO : Повернення до меню поїздів
2025-06-02 04:09:30 [JavaFX Application Thread] INFO : Спроба додавання нового поїзда
2025-06-02 04:09:39 [JavaFX Application Thread] INFO : Спроба додати локомотив
2025-06-02 04:09:39 [JavaFX Application Thread] INFO : Додано поїзд: presentation: Швидкість: 0 км./год. Вага: 0 т. Тяга: 0 т. Росхід: 0 л./год
Пасажиромісткість: 0 Місць для багажу: 0 Грузомісткість: 0т.
2025-06-02 04:09:42 [JavaFX Application Thread] INFO : Відкрито редагування поїзда: presentation: Швидкість: 0 км./год. Вага: 0 т. Тяга: 0 т. Росхід: 0 л./год
Пасажиромісткість: 0 Місць для багажу: 0 Грузомісткість: 0т.
2025-06-02 04:09:43 [JavaFX Application Thread] INFO : Додавання нового вагона
2025-06-02 04:13:51 [JavaFX Application Thread] INFO : Інформація про вагони оновлена
2025-06-02 04:13:51 [JavaFX Application Thread] INFO : Перевірена/створена корінна таблиця вагонів
2025-06-02 04:13:51 [JavaFX Application Thread] INFO : Перевірена/створена таблиця локомотивів
2025-06-02 04:13:51 [JavaFX Application Thread] INFO : Перевірена/створена таблиця грузових вагонів
2025-06-02 04:13:51 [JavaFX Application Thread] INFO : Перевірена/створена таблиця пасажирських вагонів
2025-06-02 04:13:52 [JavaFX Application Thread] INFO : Інформація про вагони оновлена
2025-06-02 04:13:52 [JavaFX Application Thread] INFO : Перевірена/створена корінна таблиця вагонів
2025-06-02 04:13:52 [JavaFX Application Thread] INFO : Перевірена/створена таблиця локомотивів
2025-06-02 04:13:52 [JavaFX Application Thread] INFO : Перевірена/створена таблиця грузових вагонів
2025-06-02 04:13:52 [JavaFX Application Thread] INFO : Перевірена/створена таблиця пасажирських вагонів
2025-06-02 04:13:52 [JavaFX Application Thread] INFO : Інформація про вагони оновлена
2025-06-02 04:13:52 [JavaFX Application Thread] INFO : Перевірена/створена корінна таблиця вагонів
2025-06-02 04:13:52 [JavaFX Application Thread] INFO : Перевірена/створена таблиця локомотивів
2025-06-02 04:13:52 [JavaFX Application Thread] INFO : Перевірена/створена таблиця грузових вагонів
2025-06-02 04:13:52 [JavaFX Application Thread] INFO : Перевірена/створена таблиця пасажирських вагонів
2025-06-02 04:13:52 [JavaFX Application Thread] INFO : Інформація про вагони оновлена
2025-06-02 04:13:52 [JavaFX Application Thread] INFO : Роботу завершено
