2025-05-31 19:21:19 [JavaFX Application Thread] INFO : Cтарт додатку
2025-05-31 19:21:19 [JavaFX Application Thread] INFO : Перевірена/створена корінна таблиця вагонів
2025-05-31 19:21:19 [JavaFX Application Thread] INFO : Перевірена/створена таблиця локомотивів
2025-05-31 19:21:19 [JavaFX Application Thread] INFO : Перевірена/створена таблиця грузових вагонів
2025-05-31 19:21:19 [JavaFX Application Thread] INFO : Перевірена/створена таблиця пасажирських вагонів
2025-05-31 19:21:19 [JavaFX Application Thread] INFO : Перевірена/створена таблиця поїздів
2025-05-31 19:21:21 [JavaFX Application Thread] INFO : Вагони зчитано
2025-05-31 19:21:21 [JavaFX Application Thread] INFO : Вагони зчитано
2025-05-31 19:21:21 [JavaFX Application Thread] INFO : Вагони зчитано
2025-05-31 19:21:21 [JavaFX Application Thread] INFO : Відкрито меню вагонів
2025-05-31 19:21:32 [JavaFX Application Thread] INFO : Повернення до головного меню
2025-05-31 19:21:33 [JavaFX Application Thread] INFO : Інформація про вагони оновлена
2025-05-31 19:21:33 [JavaFX Application Thread] INFO : Перевірена/створена корінна таблиця вагонів
2025-05-31 19:21:33 [JavaFX Application Thread] INFO : Перевірена/створена таблиця локомотивів
2025-05-31 19:21:33 [JavaFX Application Thread] INFO : Перевірена/створена таблиця грузових вагонів
2025-05-31 19:21:33 [JavaFX Application Thread] INFO : Перевірена/створена таблиця пасажирських вагонів
2025-05-31 19:21:34 [JavaFX Application Thread] INFO : Інформація про вагони оновлена
2025-05-31 19:21:34 [JavaFX Application Thread] INFO : Перевірена/створена корінна таблиця вагонів
2025-05-31 19:21:34 [JavaFX Application Thread] INFO : Перевірена/створена таблиця локомотивів
2025-05-31 19:21:34 [JavaFX Application Thread] INFO : Перевірена/створена таблиця грузових вагонів
2025-05-31 19:21:34 [JavaFX Application Thread] INFO : Перевірена/створена таблиця пасажирських вагонів
2025-05-31 19:21:34 [JavaFX Application Thread] INFO : Інформація про вагони оновлена
2025-05-31 19:21:41 [main] INFO : Перевірена/створена корінна таблиця вагонів
2025-05-31 19:21:41 [main] INFO : Перевірена/створена таблиця локомотивів
2025-05-31 19:21:41 [main] INFO : Перевірена/створена таблиця грузових вагонів
2025-05-31 19:21:41 [main] INFO : Перевірена/створена таблиця пасажирських вагонів
2025-05-31 19:21:41 [main] INFO : Перевірена/створена таблиця поїздів
2025-05-31 19:21:41 [main] INFO : Перевірена/створена корінна таблиця вагонів
2025-05-31 19:21:41 [main] INFO : Перевірена/створена таблиця локомотивів
2025-05-31 19:21:41 [main] INFO : Перевірена/створена таблиця грузових вагонів
2025-05-31 19:21:41 [main] INFO : Перевірена/створена таблиця пасажирських вагонів
2025-05-31 19:21:41 [main] INFO : Перевірена/створена корінна таблиця вагонів
2025-05-31 19:21:41 [main] INFO : Перевірена/створена таблиця локомотивів
2025-05-31 19:21:41 [main] INFO : Перевірена/створена таблиця грузових вагонів
2025-05-31 19:21:41 [main] INFO : Перевірена/створена таблиця пасажирських вагонів
2025-05-31 19:21:41 [main] INFO : Інформація про вагони оновлена
2025-05-31 19:21:41 [main] INFO : Вагони зчитано
2025-05-31 19:21:41 [main] INFO : Інформація про вагони оновлена
2025-05-31 19:21:41 [main] INFO : Вагони зчитано
2025-05-31 19:21:41 [main] INFO : Вагони зчитано
2025-05-31 19:21:41 [main] INFO : Вагони зчитано
2025-05-31 19:21:41 [main] INFO : Вагони зчитано
2025-05-31 19:21:41 [main] INFO : Додано поїзд: t: Швидкість: 0 км./год. Вага: 0 т. Тяга: 0 т. Росхід: 0 л./год
Пасажиромісткість: 0 Місць для багажу: 0 Грузомісткість: 0т.
2025-05-31 19:21:41 [main] INFO : Додано вагон: Вагон: t Вага: 2 т. Швидкість: 1 км./год. Місткість: 3 т.
2025-05-31 19:21:41 [main] INFO : Видалено поїзд: t: Швидкість: 0 км./год. Вага: 0 т. Тяга: 0 т. Росхід: 0 л./год
Пасажиромісткість: 0 Місць для багажу: 0 Грузомісткість: 0т.
2025-05-31 19:21:41 [main] INFO : Видалено вагон: Вагон: t Вага: 2 т. Швидкість: 1 км./год. Місткість: 3 т.
2025-05-31 19:21:42 [JavaFX Application Thread] INFO : Відкрито інформацію про програму
2025-05-31 19:21:43 [JavaFX Application Thread] INFO : Відкрито меню поїздів
2025-05-31 19:21:44 [JavaFX Application Thread] INFO : Відкрито меню вагонів
2025-05-31 19:21:45 [JavaFX Application Thread] INFO : Зміна налаштування фільтрів
2025-05-31 19:21:46 [JavaFX Application Thread] INFO : Повернення до головного меню
2025-05-31 19:21:50 [JavaFX Application Thread] INFO : Спроба додавання нового вагона
2025-05-31 19:21:51 [JavaFX Application Thread] INFO : Видалено вагон: Локомотив: TL Вага: 60 т. Швидкість: 120 км./год. Тяга: 600 т. Розхід: 10 л./(т. * год.)
2025-05-31 19:21:57 [JavaFX Application Thread] INFO : Нові фільтри встановлено
2025-05-31 19:21:58 [JavaFX Application Thread] INFO : Повернення до меню вагонів
2025-05-31 19:21:59 [JavaFX Application Thread] INFO : Нові фільтри встановлено
2025-05-31 19:22:05 [JavaFX Application Thread] INFO : Нові фільтри встановлено
2025-05-31 19:22:13 [JavaFX Application Thread] INFO : Спроба додати локомотив
2025-05-31 19:22:13 [JavaFX Application Thread] INFO : Додано вагон: Локомотив: test Вага: 2 т. Швидкість: 1 км./год. Тяга: 3 т. Розхід: 4 л./(т. * год.)
2025-05-31 19:22:20 [JavaFX Application Thread] INFO : Спроба додати локомотив
2025-05-31 19:22:22 [JavaFX Application Thread] INFO : Спроба додати локомотив
2025-05-31 19:22:23 [JavaFX Application Thread] INFO : Спроба додати локомотив
2025-05-31 19:22:25 [JavaFX Application Thread] INFO : Спроба додати локомотив
2025-05-31 19:22:26 [JavaFX Application Thread] INFO : Спроба додати локомотив
2025-05-31 19:22:28 [JavaFX Application Thread] INFO : Спроба додати локомотив
2025-05-31 19:22:29 [JavaFX Application Thread] INFO : Спроба додати локомотив
2025-05-31 19:22:31 [JavaFX Application Thread] INFO : Спроба додати локомотив
2025-05-31 19:22:33 [JavaFX Application Thread] INFO : Спроба додати локомотив
2025-05-31 19:22:33 [JavaFX Application Thread] INFO : Додано вагон: Локомотив: test Вага: 1 т. Швидкість: 1 км./год. Тяга: 1 т. Розхід: 1 л./(т. * год.)
2025-05-31 19:22:35 [JavaFX Application Thread] INFO : Спроба додати вантажний вагон
2025-05-31 19:22:35 [JavaFX Application Thread] INFO : Додано вагон: Вагон: test Вага: 2 т. Швидкість: 1 км./год. Місткість: 3 т.
2025-05-31 19:22:41 [JavaFX Application Thread] INFO : Спроба додати вантажний вагон
2025-05-31 19:22:42 [JavaFX Application Thread] INFO : Спроба додати вантажний вагон
2025-05-31 19:22:44 [JavaFX Application Thread] INFO : Спроба додати вантажний вагон
2025-05-31 19:22:46 [JavaFX Application Thread] INFO : Спроба додати вантажний вагон
2025-05-31 19:22:47 [JavaFX Application Thread] INFO : Спроба додати вантажний вагон
2025-05-31 19:22:49 [JavaFX Application Thread] INFO : Спроба додати вантажний вагон
2025-05-31 19:22:50 [JavaFX Application Thread] INFO : Спроба додати вантажний вагон
2025-05-31 19:22:50 [JavaFX Application Thread] INFO : Додано вагон: Вагон: test Вага: 1 т. Швидкість: 1 км./год. Місткість: 1 т.
2025-05-31 19:22:54 [JavaFX Application Thread] INFO : Спроба додати пасажирський вагон
2025-05-31 19:22:54 [JavaFX Application Thread] INFO : Додано вагон: Вагон: test Вага: 2 т. Швидкість: 1 км./год. Рівень комфорту: 4 Пасажирських місць: 3 Місць для багажу: 5
2025-05-31 19:23:02 [JavaFX Application Thread] INFO : Спроба додати пасажирський вагон
2025-05-31 19:23:03 [JavaFX Application Thread] INFO : Спроба додати пасажирський вагон
2025-05-31 19:23:05 [JavaFX Application Thread] INFO : Спроба додати пасажирський вагон
2025-05-31 19:23:06 [JavaFX Application Thread] INFO : Спроба додати пасажирський вагон
2025-05-31 19:23:08 [JavaFX Application Thread] INFO : Спроба додати пасажирський вагон
2025-05-31 19:23:09 [JavaFX Application Thread] INFO : Спроба додати пасажирський вагон
2025-05-31 19:23:11 [JavaFX Application Thread] INFO : Спроба додати пасажирський вагон
2025-05-31 19:23:12 [JavaFX Application Thread] INFO : Спроба додати пасажирський вагон
2025-05-31 19:23:14 [JavaFX Application Thread] INFO : Спроба додати пасажирський вагон
2025-05-31 19:23:16 [JavaFX Application Thread] INFO : Спроба додати пасажирський вагон
2025-05-31 19:23:16 [JavaFX Application Thread] INFO : Зміна налаштування фільтрів
2025-05-31 19:23:17 [JavaFX Application Thread] INFO : Повернення до головного меню
2025-05-31 19:23:20 [JavaFX Application Thread] INFO : Спроба додавання нового поїзда
2025-05-31 19:23:20 [JavaFX Application Thread] INFO : Видалено поїзд: t1: Швидкість: 120 км./год. Вага: 180 т. Тяга: 1800 т. Росхід: 1800 л./год
Локомотив: TL Вага: 60 т. Швидкість: 120 км./год. Тяга: 600 т. Розхід: 10 л./(т. * год.)
Локомотив: TL Вага: 60 т. Швидкість: 120 км./год. Тяга: 600 т. Розхід: 10 л./(т. * год.)
Локомотив: TL Вага: 60 т. Швидкість: 120 км./год. Тяга: 600 т. Розхід: 10 л./(т. * год.)
Пасажиромісткість: 0 Місць для багажу: 0 Грузомісткість: 0т.
2025-05-31 19:23:21 [JavaFX Application Thread] INFO : Відкрито редагування поїзда: t1: Швидкість: 120 км./год. Вага: 180 т. Тяга: 1800 т. Росхід: 1800 л./год
Локомотив: TL Вага: 60 т. Швидкість: 120 км./год. Тяга: 600 т. Розхід: 10 л./(т. * год.)
Локомотив: TL Вага: 60 т. Швидкість: 120 км./год. Тяга: 600 т. Розхід: 10 л./(т. * год.)
Локомотив: TL Вага: 60 т. Швидкість: 120 км./год. Тяга: 600 т. Розхід: 10 л./(т. * год.)
Пасажиромісткість: 0 Місць для багажу: 0 Грузомісткість: 0т.
2025-05-31 19:23:27 [JavaFX Application Thread] INFO : Нові фільтри встановлено
2025-05-31 19:23:28 [JavaFX Application Thread] INFO : Повернення до меню поїздів
2025-05-31 19:23:29 [JavaFX Application Thread] INFO : Нові фільтри встановлено
2025-05-31 19:23:34 [JavaFX Application Thread] INFO : Нові фільтри встановлено
2025-05-31 19:23:35 [JavaFX Application Thread] INFO : Спроба додати локомотив
2025-05-31 19:23:35 [JavaFX Application Thread] INFO : Додано поїзд: test: Швидкість: 0 км./год. Вага: 0 т. Тяга: 0 т. Росхід: 0 л./год
Пасажиромісткість: 0 Місць для багажу: 0 Грузомісткість: 0т.
2025-05-31 19:23:36 [JavaFX Application Thread] INFO : Повернення до меню поїздів
2025-05-31 19:23:38 [JavaFX Application Thread] INFO : Додавання нового вагона
2025-05-31 19:23:39 [JavaFX Application Thread] INFO : У поїзда №0 видалено вагон 1
2025-05-31 19:23:40 [JavaFX Application Thread] INFO : Вагони посортовано
2025-05-31 19:23:40 [JavaFX Application Thread] INFO : Повернення до редактору
2025-05-31 19:23:41 [JavaFX Application Thread] INFO : До поїзда №0 додано вагон 0
2025-05-31 19:23:41 [JavaFX Application Thread] INFO : Повернення до редактору
2025-05-31 19:23:43 [JavaFX Application Thread] INFO : Повернення до головного меню
